\BOOKMARK [0][-]{chapter*.1}{\376\377\136\217}{}% 1
\BOOKMARK [-1][-]{part*.3}{\376\377\154\333\213\262\173\307}{}% 2
\BOOKMARK [0][-]{chapter.1}{\376\377\122\035\213\306\000C\000+\000+}{part*.3}% 3
\BOOKMARK [1][-]{section.1.1}{\376\377\137\000\131\313\116\000\116\052\000C\000+\000+\172\013\136\217}{chapter.1}% 4
\BOOKMARK [1][-]{section.1.2}{\376\377\145\160\143\156\116\016\117\341\140\157}{chapter.1}% 5
\BOOKMARK [1][-]{section.1.3}{\376\377\145\160\143\156\166\204\133\232\116\111\124\214\117\177\165\050}{chapter.1}% 6
\BOOKMARK [1][-]{section.1.4}{\376\377\217\320\173\227\173\046\116\016\174\173\127\213}{chapter.1}% 7
\BOOKMARK [1][-]{section.1.5}{\376\377\000s\000i\000z\000e\000o\000f\116\016\121\205\133\130\172\172\225\364}{chapter.1}% 8
\BOOKMARK [1][-]{section.1.6}{\376\377\174\173\116\016\133\371\214\141}{chapter.1}% 9
\BOOKMARK [0][-]{chapter.2}{\376\377\145\160\143\156\166\204\127\372\147\054\144\315\117\134}{part*.3}% 10
\BOOKMARK [1][-]{section.2.1}{\376\377\215\113\120\074\213\355\123\345\116\016\136\070\221\317}{chapter.2}% 11
\BOOKMARK [1][-]{section.2.2}{\376\377\127\372\147\054\145\160\143\156\174\173\127\213}{chapter.2}% 12
\BOOKMARK [1][-]{section.2.3}{\376\377\217\320\173\227\173\046}{chapter.2}% 13
\BOOKMARK [1][-]{section.2.4}{\376\377\174\173\127\213\217\154\143\142}{chapter.2}% 14
\BOOKMARK [0][-]{chapter.3}{\376\377\172\013\136\217\166\204\155\101\172\013\143\247\122\066}{part*.3}% 15
\BOOKMARK [1][-]{section.3.1}{\376\377\173\200\116\313\377\032\176\323\147\204\060\001\155\101\172\013\116\016\153\041\136\217}{chapter.3}% 16
\BOOKMARK [1][-]{section.3.2}{\376\377\220\011\142\351\176\323\147\204}{chapter.3}% 17
\BOOKMARK [1][-]{section.3.3}{\376\377\137\252\163\257\176\323\147\204}{chapter.3}% 18
\BOOKMARK [1][-]{section.3.4}{\376\377\117\134\165\050\127\337\122\035\153\145}{chapter.3}% 19
\BOOKMARK [1][-]{section.3.5}{\376\377\133\236\144\315\377\032\173\200\146\023\213\241\173\227\126\150\166\204\213\276\213\241}{chapter.3}% 20
\BOOKMARK [0][-]{chapter.4}{\376\377\121\375\145\160\122\035\153\145}{part*.3}% 21
\BOOKMARK [1][-]{section.4.1}{\376\377\121\375\145\160\166\204\151\202\137\365}{chapter.4}% 22
\BOOKMARK [1][-]{section.4.2}{\376\377\121\375\145\160\166\204\133\232\116\111\124\214\117\177\165\050}{chapter.4}% 23
\BOOKMARK [1][-]{section.4.3}{\376\377\121\375\145\160\221\315\217\175}{chapter.4}% 24
\BOOKMARK [1][-]{section.4.4}{\376\377\236\330\213\244\123\302\145\160\166\204\213\276\177\156}{chapter.4}% 25
\BOOKMARK [1][-]{section.4.5}{\376\377\121\375\145\160\220\022\137\122}{chapter.4}% 26
\BOOKMARK [1][-]{section.4.6}{\376\377\121\375\145\160\152\041\162\110\173\200\116\313}{chapter.4}% 27
\BOOKMARK [0][-]{chapter.5}{\376\377\131\015\124\010\174\173\127\213\123\312\121\166\117\177\165\050}{part*.3}% 28
\BOOKMARK [1][-]{section.5.1}{\376\377\143\007\224\210}{chapter.5}% 29
\BOOKMARK [1][-]{section.5.2}{\376\377\000`\000`\136\070\221\317\143\007\224\210\000'\000'\116\016\000`\000`\143\007\124\021\136\070\221\317\166\204\143\007\224\210\000'\000'}{chapter.5}% 30
\BOOKMARK [1][-]{section.5.3}{\376\377\377\010\135\346\120\074\377\011\137\025\165\050\116\016\137\025\165\050\123\302\145\160\117\040\220\022}{chapter.5}% 31
\BOOKMARK [1][-]{section.5.4}{\376\377\116\000\176\364\145\160\176\304}{chapter.5}% 32
\BOOKMARK [1][-]{section.5.5}{\376\377\133\127\173\046\116\062}{chapter.5}% 33
\BOOKMARK [1][-]{section.5.6}{\376\377\143\007\224\210\116\016\145\160\176\304\166\204\131\015\124\010\174\173\127\213}{chapter.5}% 34
\BOOKMARK [1][-]{section.5.7}{\376\377\122\250\140\001\121\205\133\130\122\006\221\115}{chapter.5}% 35
\BOOKMARK [0][-]{chapter.6}{\376\377\201\352\133\232\116\111\174\173\127\213\123\312\121\166\117\177\165\050}{part*.3}% 36
\BOOKMARK [1][-]{section.6.1}{\376\377\147\232\116\076\136\070\221\317\000e\000n\000u\000m}{chapter.6}% 37
\BOOKMARK [1][-]{section.6.2}{\376\377\176\323\147\204\117\123\000s\000t\000r\000u\000c\000t}{chapter.6}% 38
\BOOKMARK [1][-]{section.6.3}{\376\377\133\236\144\315\377\032\165\050\176\323\147\204\117\123\133\236\163\260\123\125\224\376\210\150}{chapter.6}% 39
\BOOKMARK [1][-]{section.6.4}{\376\377\200\124\124\010\117\123\000u\000n\000i\000o\000n}{chapter.6}% 40
\BOOKMARK [1][-]{section.6.5}{\376\377\174\173\000c\000l\000a\000s\000s\122\035\153\145}{chapter.6}% 41
\BOOKMARK [0][-]{chapter.7}{\376\377\116\343\170\001\135\345\172\013}{part*.3}% 42
\BOOKMARK [1][-]{section.7.1}{\376\377\215\350\145\207\116\366\177\026\213\321}{chapter.7}% 43
\BOOKMARK [1][-]{section.7.2}{\376\377\124\175\124\015\172\172\225\364}{chapter.7}% 44
\BOOKMARK [1][-]{section.7.3}{\376\377\117\134\165\050\127\337\060\001\133\130\120\250\147\037\124\214\224\376\143\245}{chapter.7}% 45
\BOOKMARK [1][-]{section.7.4}{\376\377\177\026\170\001\230\316\150\074}{chapter.7}% 46
\BOOKMARK [0][-]{chapter.8}{\376\377\174\173\116\016\121\375\145\160\217\333\226\066}{part*.3}% 47
\BOOKMARK [1][-]{section.8.1}{\376\377\217\320\173\227\173\046\221\315\217\175}{chapter.8}% 48
\BOOKMARK [1][-]{section.8.2}{\376\377\142\020\124\130\121\375\145\160\116\016\123\313\121\103\121\375\145\160}{chapter.8}% 49
\BOOKMARK [1][-]{section.8.3}{\376\377\147\204\220\040\116\016\147\220\147\204}{chapter.8}% 50
\BOOKMARK [-1][-]{part*.137}{\376\377\174\276\213\262\173\307}{}% 51
\BOOKMARK [0][-]{appendix.A}{\376\377\000C\000+\000+\217\320\173\227\173\046\127\372\147\054\134\136\140\047}{part*.137}% 52
\BOOKMARK [0][-]{appendix.B}{\376\377\000A\000S\000C\000I\000I\170\001\210\150\377\010\0000\122\060\0001\0002\0007\377\011}{part*.137}% 53
\BOOKMARK [0][-]{appendix.C}{\376\377\166\370\121\163\145\160\133\146\167\345\213\306}{part*.137}% 54
\BOOKMARK [1][-]{section.C.1}{\376\377\145\160\122\066\217\154\143\142}{appendix.C}% 55
\BOOKMARK [0][-]{appendix*.145}{\376\377\215\313}{part*.137}% 56
